2025-02-06 12:22:11,711 - INFO - Evaluating Model: ./model/SiameseGNN/TripletGNN_epoch_1.pth
2025-02-06 12:41:55,525 - INFO - Evaluating Model: ./model/SiameseGNN/TripletGNN_epoch_1.pth
2025-02-06 12:51:12,438 - INFO - Epoch 1: Total Positive Distance - Mean: 52.1718, Min: 0.0000, Max: 552.3804
2025-02-06 12:51:12,439 - INFO - Epoch 1: Total Negative Distance - Mean: 268.7986, Min: 0.0000, Max: 834.2061
2025-02-06 12:51:12,511 - INFO - Epoch 1: Val Loss: 1.0261
2025-02-06 12:51:12,512 - INFO - Epoch 1: Accuracy: 0.9508, F1 Score: 0.9531, Precision: 0.9106, Recall: 0.9999
2025-02-06 12:51:13,076 - INFO - Evaluating Model: ./model/SiameseGNN/TripletGNN_epoch_2.pth
2025-02-06 13:00:31,638 - INFO - Epoch 2: Total Positive Distance - Mean: 45.9872, Min: 0.0000, Max: 359.3719
2025-02-06 13:00:31,639 - INFO - Epoch 2: Total Negative Distance - Mean: 225.4716, Min: 0.0000, Max: 595.1688
2025-02-06 13:00:31,701 - INFO - Epoch 2: Val Loss: 0.7004
2025-02-06 13:00:31,701 - INFO - Epoch 2: Accuracy: 0.9965, F1 Score: 0.9965, Precision: 0.9930, Recall: 1.0000
2025-02-06 13:00:31,797 - INFO - Evaluating Model: ./model/SiameseGNN/TripletGNN_epoch_3.pth
2025-02-06 13:09:50,721 - INFO - Epoch 3: Total Positive Distance - Mean: 56.7116, Min: 0.0000, Max: 393.6790
2025-02-06 13:09:50,722 - INFO - Epoch 3: Total Negative Distance - Mean: 299.1924, Min: 0.0000, Max: 686.5487
2025-02-06 13:09:50,786 - INFO - Epoch 3: Val Loss: 0.6777
2025-02-06 13:09:50,787 - INFO - Epoch 3: Accuracy: 0.9394, F1 Score: 0.9428, Precision: 0.8919, Recall: 1.0000
2025-02-06 13:09:50,872 - INFO - Evaluating Model: ./model/SiameseGNN/TripletGNN_epoch_4.pth
2025-02-06 13:19:01,440 - INFO - Epoch 4: Total Positive Distance - Mean: 60.0845, Min: 0.0000, Max: 363.4313
2025-02-06 13:19:01,441 - INFO - Epoch 4: Total Negative Distance - Mean: 265.1796, Min: 0.0000, Max: 671.2699
2025-02-06 13:19:01,503 - INFO - Epoch 4: Val Loss: 0.6763
2025-02-06 13:19:01,504 - INFO - Epoch 4: Accuracy: 0.9816, F1 Score: 0.9820, Precision: 0.9646, Recall: 1.0000
2025-02-06 13:19:01,733 - INFO - Evaluating Model: ./model/SiameseGNN/TripletGNN_epoch_5.pth
2025-02-06 13:28:18,244 - INFO - Epoch 5: Total Positive Distance - Mean: 68.1966, Min: 0.0000, Max: 478.7823
2025-02-06 13:28:18,245 - INFO - Epoch 5: Total Negative Distance - Mean: 309.7622, Min: 0.0000, Max: 733.5740
2025-02-06 13:28:18,328 - INFO - Epoch 5: Val Loss: 0.6036
2025-02-06 13:28:18,329 - INFO - Epoch 5: Accuracy: 0.9357, F1 Score: 0.9396, Precision: 0.8861, Recall: 0.9999
2025-02-06 13:28:18,424 - INFO - Evaluating Model: ./model/SiameseGNN/TripletGNN_epoch_6.pth
2025-02-06 13:37:35,120 - INFO - Epoch 6: Total Positive Distance - Mean: 67.1617, Min: 0.0000, Max: 374.4247
2025-02-06 13:37:35,121 - INFO - Epoch 6: Total Negative Distance - Mean: 308.6737, Min: 0.0000, Max: 689.9915
2025-02-06 13:37:35,209 - INFO - Epoch 6: Val Loss: 0.5885
2025-02-06 13:37:35,210 - INFO - Epoch 6: Accuracy: 0.9569, F1 Score: 0.9587, Precision: 0.9207, Recall: 1.0000
2025-02-06 13:37:36,182 - INFO - Evaluating Model: ./model/SiameseGNN/TripletGNN_epoch_7.pth
2025-02-06 13:46:51,549 - INFO - Epoch 7: Total Positive Distance - Mean: 80.5850, Min: 0.0000, Max: 658.3578
2025-02-06 13:46:51,551 - INFO - Epoch 7: Total Negative Distance - Mean: 346.5320, Min: 0.0000, Max: 1048.3501
2025-02-06 13:46:51,638 - INFO - Epoch 7: Val Loss: 0.6069
2025-02-06 13:46:51,639 - INFO - Epoch 7: Accuracy: 0.9038, F1 Score: 0.9122, Precision: 0.8387, Recall: 0.9998
2025-02-06 13:46:51,714 - INFO - Evaluating Model: ./model/SiameseGNN/TripletGNN_epoch_8.pth
2025-02-06 13:56:04,539 - INFO - Epoch 8: Total Positive Distance - Mean: 63.7579, Min: 0.0000, Max: 362.2667
2025-02-06 13:56:04,540 - INFO - Epoch 8: Total Negative Distance - Mean: 299.2975, Min: 0.0000, Max: 708.8978
2025-02-06 13:56:04,628 - INFO - Epoch 8: Val Loss: 0.5717
2025-02-06 13:56:04,629 - INFO - Epoch 8: Accuracy: 0.9585, F1 Score: 0.9602, Precision: 0.9234, Recall: 1.0000
2025-02-06 13:56:05,561 - INFO - Evaluating Model: ./model/SiameseGNN/TripletGNN_epoch_9.pth
2025-02-06 14:05:18,203 - INFO - Epoch 9: Total Positive Distance - Mean: 85.2418, Min: 0.0000, Max: 578.4955
2025-02-06 14:05:18,205 - INFO - Epoch 9: Total Negative Distance - Mean: 392.5355, Min: 0.0000, Max: 988.8265
2025-02-06 14:05:18,267 - INFO - Epoch 9: Val Loss: 0.7367
2025-02-06 14:05:18,268 - INFO - Epoch 9: Accuracy: 0.8109, F1 Score: 0.8409, Precision: 0.7257, Recall: 0.9995
2025-02-06 14:05:18,397 - INFO - Evaluating Model: ./model/SiameseGNN/TripletGNN_epoch_10.pth
2025-02-06 14:14:32,580 - INFO - Epoch 10: Total Positive Distance - Mean: 89.4746, Min: 0.0000, Max: 539.0671
2025-02-06 14:14:32,581 - INFO - Epoch 10: Total Negative Distance - Mean: 395.4061, Min: 0.0000, Max: 842.6505
2025-02-06 14:14:32,669 - INFO - Epoch 10: Val Loss: 0.6231
2025-02-06 14:14:32,670 - INFO - Epoch 10: Accuracy: 0.8175, F1 Score: 0.8456, Precision: 0.7328, Recall: 0.9995

2025-02-10 13:29:09,992 - INFO - Evaluating Model: ./model/SiameseGNN/TripletGNN_epoch_6.pth
2025-02-10 13:38:19,976 - INFO - Epoch 6: Total Positive Distance - Mean: 66.9380, Min: 3.2750, Max: 1040.0912
2025-02-10 13:38:19,977 - INFO - Epoch 6: Total Negative Distance - Mean: 309.0872, Min: 0.0000, Max: 962.9722
2025-02-10 13:38:20,040 - INFO - Epoch 6: Val Loss: 0.6864
2025-02-10 13:38:20,041 - INFO - Epoch 6: Accuracy: 0.9561, F1 Score: 0.9580, Precision: 0.9194, Recall: 0.9999
2025-02-10 13:38:20,161 - INFO - Evaluating Model: ./model/SiameseGNN/TripletGNN_epoch_7.pth
2025-02-10 13:47:27,476 - INFO - Epoch 7: Total Positive Distance - Mean: 80.6749, Min: 3.4848, Max: 1468.2479
2025-02-10 13:47:27,477 - INFO - Epoch 7: Total Negative Distance - Mean: 346.9868, Min: 0.0000, Max: 1265.6075
2025-02-10 13:47:27,564 - INFO - Epoch 7: Val Loss: 0.8251
2025-02-10 13:47:27,566 - INFO - Epoch 7: Accuracy: 0.9009, F1 Score: 0.9098, Precision: 0.8348, Recall: 0.9996
2025-02-10 13:47:28,135 - INFO - Evaluating Model: ./model/SiameseGNN/TripletGNN_epoch_8.pth
2025-02-10 13:56:38,343 - INFO - Epoch 8: Total Positive Distance - Mean: 63.7458, Min: 3.1081, Max: 910.9141
2025-02-10 13:56:38,345 - INFO - Epoch 8: Total Negative Distance - Mean: 299.0861, Min: 0.0000, Max: 1159.2808
2025-02-10 13:56:38,430 - INFO - Epoch 8: Val Loss: 0.6594
2025-02-10 13:56:38,431 - INFO - Epoch 8: Accuracy: 0.9567, F1 Score: 0.9585, Precision: 0.9203, Recall: 0.9999
2025-02-10 13:56:38,847 - INFO - Evaluating Model: ./model/SiameseGNN/TripletGNN_epoch_9.pth
2025-02-10 14:05:49,454 - INFO - Epoch 9: Total Positive Distance - Mean: 85.2413, Min: 3.7272, Max: 815.5265
2025-02-10 14:05:49,455 - INFO - Epoch 9: Total Negative Distance - Mean: 390.8783, Min: 0.0000, Max: 899.1215
2025-02-10 14:05:49,543 - INFO - Epoch 9: Val Loss: 0.8646
2025-02-10 14:05:49,544 - INFO - Epoch 9: Accuracy: 0.8112, F1 Score: 0.8411, Precision: 0.7261, Recall: 0.9992
2025-02-10 14:05:50,181 - INFO - Evaluating Model: ./model/SiameseGNN/TripletGNN_epoch_10.pth
2025-02-10 14:14:57,209 - INFO - Epoch 10: Total Positive Distance - Mean: 88.7513, Min: 5.0991, Max: 1692.4419
2025-02-10 14:14:57,210 - INFO - Epoch 10: Total Negative Distance - Mean: 397.0515, Min: 0.0000, Max: 1359.9921
2025-02-10 14:14:57,297 - INFO - Epoch 10: Val Loss: 0.8112
2025-02-10 14:14:57,298 - INFO - Epoch 10: Accuracy: 0.8143, F1 Score: 0.8433, Precision: 0.7294, Recall: 0.9994

2025-03-11 10:41:43,184 - INFO - Evaluating Model: ./model/SiameseGNN_withoutBinbert/TripletGNN_epoch_6.pth
2025-03-11 10:42:26,665 - INFO - Epoch 6: Total Positive Distance - Mean: 30.5615, Min: 0.0000, Max: 463.3474
2025-03-11 10:42:26,669 - INFO - Epoch 6: Total Negative Distance - Mean: 139.0835, Min: 0.0000, Max: 5319.1084
2025-03-11 10:42:26,763 - INFO - Epoch 6: Val Loss: 1.7743
2025-03-11 10:42:26,765 - INFO - Epoch 6: Accuracy: 0.9806, F1 Score: 0.9809, Precision: 0.9631, Recall: 0.9994
2025-03-11 10:42:26,869 - INFO - Evaluating Model: ./model/SiameseGNN_withoutBinbert/TripletGNN_epoch_7.pth
2025-03-11 10:43:08,630 - INFO - Epoch 7: Total Positive Distance - Mean: 33.4321, Min: 0.0000, Max: 425.5625
2025-03-11 10:43:08,632 - INFO - Epoch 7: Total Negative Distance - Mean: 138.2313, Min: 0.0000, Max: 4581.0342
2025-03-11 10:43:08,728 - INFO - Epoch 7: Val Loss: 1.6982
2025-03-11 10:43:08,729 - INFO - Epoch 7: Accuracy: 0.9901, F1 Score: 0.9902, Precision: 0.9811, Recall: 0.9994
2025-03-11 10:43:08,774 - INFO - Evaluating Model: ./model/SiameseGNN_withoutBinbert/TripletGNN_epoch_8.pth
2025-03-11 10:43:53,470 - INFO - Epoch 8: Total Positive Distance - Mean: 32.8350, Min: 0.0000, Max: 499.1346
2025-03-11 10:43:53,474 - INFO - Epoch 8: Total Negative Distance - Mean: 136.8744, Min: 0.0000, Max: 4810.0430
2025-03-11 10:43:53,571 - INFO - Epoch 8: Val Loss: 1.6572
2025-03-11 10:43:53,573 - INFO - Epoch 8: Accuracy: 0.9849, F1 Score: 0.9851, Precision: 0.9712, Recall: 0.9994
2025-03-11 10:43:53,620 - INFO - Evaluating Model: ./model/SiameseGNN_withoutBinbert/TripletGNN_epoch_9.pth
2025-03-11 10:44:36,036 - INFO - Epoch 9: Total Positive Distance - Mean: 34.4363, Min: 0.0000, Max: 449.4711
2025-03-11 10:44:36,038 - INFO - Epoch 9: Total Negative Distance - Mean: 148.7056, Min: 0.0000, Max: 6101.7539
2025-03-11 10:44:36,132 - INFO - Epoch 9: Val Loss: 1.5349
2025-03-11 10:44:36,134 - INFO - Epoch 9: Accuracy: 0.9747, F1 Score: 0.9753, Precision: 0.9522, Recall: 0.9995
2025-03-11 10:44:36,315 - INFO - Evaluating Model: ./model/SiameseGNN_withoutBinbert/TripletGNN_epoch_10.pth
2025-03-11 10:45:21,442 - INFO - Epoch 10: Total Positive Distance - Mean: 34.8086, Min: 0.0000, Max: 411.6238
2025-03-11 10:45:21,446 - INFO - Epoch 10: Total Negative Distance - Mean: 140.4292, Min: 0.0000, Max: 4820.0337
2025-03-11 10:45:21,541 - INFO - Epoch 10: Val Loss: 1.4693
2025-03-11 10:45:21,543 - INFO - Epoch 10: Accuracy: 0.9922, F1 Score: 0.9923, Precision: 0.9852, Recall: 0.9994

2025-03-11 10:49:21,758 - INFO - Evaluating Model: ./model/SiameseGNN_withoutBinbert/TripletGNN_epoch_9.pth
2025-03-11 10:49:25,607 - INFO - Epoch 10: Total Positive Distance - Mean: 34.4363, Min: 0.0000, Max: 449.4711
2025-03-11 10:49:25,609 - INFO - Epoch 10: Total Negative Distance - Mean: 148.7056, Min: 0.0000, Max: 6101.7539
2025-03-11 10:49:25,659 - INFO - Epoch 10: Val Loss: 1.5349
2025-03-11 10:49:25,660 - INFO - Epoch 10: Accuracy: 0.9079, F1 Score: 0.9155, Precision: 0.8457, Recall: 0.9979
2025-03-11 11:17:41,718 - INFO - Evaluating Model: ./model/SiameseGNN_onlyBinbert/TripletGNN_epoch_6.pth
2025-03-11 11:27:15,378 - INFO - Epoch 6: Total Positive Distance - Mean: 63.2810, Min: 0.0000, Max: 380.9262
2025-03-11 11:27:15,381 - INFO - Epoch 6: Total Negative Distance - Mean: 308.0925, Min: 0.0000, Max: 702.4495
2025-03-11 11:27:15,485 - INFO - Epoch 6: Val Loss: 0.5263
2025-03-11 11:27:15,487 - INFO - Epoch 6: Accuracy: 0.7290, F1 Score: 0.7866, Precision: 0.6487, Recall: 0.9990
2025-03-11 11:27:15,880 - INFO - Evaluating Model: ./model/SiameseGNN_onlyBinbert/TripletGNN_epoch_7.pth
2025-03-11 11:36:45,979 - INFO - Epoch 7: Total Positive Distance - Mean: 69.9359, Min: 0.0000, Max: 404.2423
2025-03-11 11:36:45,981 - INFO - Epoch 7: Total Negative Distance - Mean: 320.1955, Min: 0.0000, Max: 733.9394
2025-03-11 11:36:46,093 - INFO - Epoch 7: Val Loss: 0.5664
2025-03-11 11:36:46,094 - INFO - Epoch 7: Accuracy: 0.6904, F1 Score: 0.7633, Precision: 0.6178, Recall: 0.9984
2025-03-11 11:36:46,194 - INFO - Evaluating Model: ./model/SiameseGNN_onlyBinbert/TripletGNN_epoch_8.pth
2025-03-11 11:46:15,723 - INFO - Epoch 8: Total Positive Distance - Mean: 66.1405, Min: 0.0000, Max: 377.0900
2025-03-11 11:46:15,726 - INFO - Epoch 8: Total Negative Distance - Mean: 313.3176, Min: 0.0000, Max: 775.7737
2025-03-11 11:46:15,820 - INFO - Epoch 8: Val Loss: 0.5198
2025-03-11 11:46:15,821 - INFO - Epoch 8: Accuracy: 0.7189, F1 Score: 0.7805, Precision: 0.6402, Recall: 0.9995
2025-03-11 11:46:15,995 - INFO - Evaluating Model: ./model/SiameseGNN_onlyBinbert/TripletGNN_epoch_9.pth
2025-03-11 11:55:46,916 - INFO - Epoch 9: Total Positive Distance - Mean: 71.7175, Min: 0.0000, Max: 421.3037
2025-03-11 11:55:46,919 - INFO - Epoch 9: Total Negative Distance - Mean: 346.7643, Min: 0.0000, Max: 956.1876
2025-03-11 11:55:47,029 - INFO - Epoch 9: Val Loss: 0.5298
2025-03-11 11:55:47,031 - INFO - Epoch 9: Accuracy: 0.6749, F1 Score: 0.7543, Precision: 0.6063, Recall: 0.9981
2025-03-11 11:55:48,793 - INFO - Evaluating Model: ./model/SiameseGNN_onlyBinbert/TripletGNN_epoch_10.pth
2025-03-11 12:03:54,022 - INFO - Evaluating Model: ./model/SiameseGNN_onlyBinbert/TripletGNN_epoch_6.pth
2025-03-11 12:03:59,339 - INFO - Epoch 6: Total Positive Distance - Mean: 63.2810, Min: 0.0000, Max: 380.9262
2025-03-11 12:03:59,343 - INFO - Epoch 6: Total Negative Distance - Mean: 308.0925, Min: 0.0000, Max: 702.4495
2025-03-11 12:03:59,397 - INFO - Epoch 6: Val Loss: 0.5263
2025-03-11 12:03:59,398 - INFO - Epoch 6: Accuracy: 0.7290, F1 Score: 0.7866, Precision: 0.6487, Recall: 0.9990
2025-03-11 12:03:59,425 - INFO - Evaluating Model: ./model/SiameseGNN_onlyBinbert/TripletGNN_epoch_7.pth
2025-03-11 12:04:01,743 - INFO - Epoch 7: Total Positive Distance - Mean: 69.9359, Min: 0.0000, Max: 404.2423
2025-03-11 12:04:01,745 - INFO - Epoch 7: Total Negative Distance - Mean: 320.1955, Min: 0.0000, Max: 733.9394
2025-03-11 12:04:01,796 - INFO - Epoch 7: Val Loss: 0.5664
2025-03-11 12:04:01,797 - INFO - Epoch 7: Accuracy: 0.6904, F1 Score: 0.7633, Precision: 0.6178, Recall: 0.9984
2025-03-11 12:04:01,820 - INFO - Evaluating Model: ./model/SiameseGNN_onlyBinbert/TripletGNN_epoch_8.pth
2025-03-11 12:04:04,128 - INFO - Epoch 8: Total Positive Distance - Mean: 66.1405, Min: 0.0000, Max: 377.0900
2025-03-11 12:04:04,129 - INFO - Epoch 8: Total Negative Distance - Mean: 313.3176, Min: 0.0000, Max: 775.7737
2025-03-11 12:04:04,188 - INFO - Epoch 8: Val Loss: 0.5198
2025-03-11 12:04:04,189 - INFO - Epoch 8: Accuracy: 0.7189, F1 Score: 0.7805, Precision: 0.6402, Recall: 0.9995
2025-03-11 12:04:04,226 - INFO - Evaluating Model: ./model/SiameseGNN_onlyBinbert/TripletGNN_epoch_9.pth
2025-03-11 12:04:06,550 - INFO - Epoch 9: Total Positive Distance - Mean: 71.7175, Min: 0.0000, Max: 421.3037
2025-03-11 12:04:06,553 - INFO - Epoch 9: Total Negative Distance - Mean: 346.7643, Min: 0.0000, Max: 956.1876
2025-03-11 12:04:06,605 - INFO - Epoch 9: Val Loss: 0.5298
2025-03-11 12:04:06,606 - INFO - Epoch 9: Accuracy: 0.6749, F1 Score: 0.7543, Precision: 0.6063, Recall: 0.9981
2025-03-11 12:04:06,656 - INFO - Evaluating Model: ./model/SiameseGNN_onlyBinbert/TripletGNN_epoch_10.pth
2025-03-11 12:04:08,948 - INFO - Epoch 10: Total Positive Distance - Mean: 72.4217, Min: 0.0000, Max: 504.9420
2025-03-11 12:04:08,949 - INFO - Epoch 10: Total Negative Distance - Mean: 331.3039, Min: 0.0000, Max: 886.7433
2025-03-11 12:04:09,000 - INFO - Epoch 10: Val Loss: 0.5981
2025-03-11 12:04:09,001 - INFO - Epoch 10: Accuracy: 0.6987, F1 Score: 0.7678, Precision: 0.6247, Recall: 0.9959
2025-03-11 12:05:06,340 - INFO - Evaluating Model: ./model/SiameseGNN_onlyBinbert/TripletGNN_epoch_6.pth
2025-03-11 12:05:10,817 - INFO - Epoch 6: Total Positive Distance - Mean: 63.2810, Min: 0.0000, Max: 380.9262
2025-03-11 12:05:10,820 - INFO - Epoch 6: Total Negative Distance - Mean: 308.0925, Min: 0.0000, Max: 702.4495
2025-03-11 12:05:10,910 - INFO - Epoch 6: Val Loss: 0.5263
2025-03-11 12:05:10,912 - INFO - Epoch 6: Accuracy: 0.9791, F1 Score: 0.9795, Precision: 0.9598, Recall: 1.0000
2025-03-11 12:05:10,954 - INFO - Evaluating Model: ./model/SiameseGNN_onlyBinbert/TripletGNN_epoch_7.pth
2025-03-11 12:05:13,306 - INFO - Epoch 7: Total Positive Distance - Mean: 69.9359, Min: 0.0000, Max: 404.2423
2025-03-11 12:05:13,308 - INFO - Epoch 7: Total Negative Distance - Mean: 320.1955, Min: 0.0000, Max: 733.9394
2025-03-11 12:05:13,358 - INFO - Epoch 7: Val Loss: 0.5664
2025-03-11 12:05:13,359 - INFO - Epoch 7: Accuracy: 0.9846, F1 Score: 0.9848, Precision: 0.9700, Recall: 1.0000
2025-03-11 12:05:13,397 - INFO - Evaluating Model: ./model/SiameseGNN_onlyBinbert/TripletGNN_epoch_8.pth
2025-03-11 12:05:15,685 - INFO - Epoch 8: Total Positive Distance - Mean: 66.1405, Min: 0.0000, Max: 377.0900
2025-03-11 12:05:15,688 - INFO - Epoch 8: Total Negative Distance - Mean: 313.3176, Min: 0.0000, Max: 775.7737
2025-03-11 12:05:15,739 - INFO - Epoch 8: Val Loss: 0.5198
2025-03-11 12:05:15,740 - INFO - Epoch 8: Accuracy: 0.9768, F1 Score: 0.9774, Precision: 0.9557, Recall: 1.0000
2025-03-11 12:05:15,771 - INFO - Evaluating Model: ./model/SiameseGNN_onlyBinbert/TripletGNN_epoch_9.pth
2025-03-11 12:05:18,021 - INFO - Epoch 9: Total Positive Distance - Mean: 71.7175, Min: 0.0000, Max: 421.3037
2025-03-11 12:05:18,023 - INFO - Epoch 9: Total Negative Distance - Mean: 346.7643, Min: 0.0000, Max: 956.1876
2025-03-11 12:05:18,074 - INFO - Epoch 9: Val Loss: 0.5298
2025-03-11 12:05:18,075 - INFO - Epoch 9: Accuracy: 0.9464, F1 Score: 0.9491, Precision: 0.9032, Recall: 1.0000
2025-03-11 12:05:18,104 - INFO - Evaluating Model: ./model/SiameseGNN_onlyBinbert/TripletGNN_epoch_10.pth
2025-03-11 12:05:20,390 - INFO - Epoch 10: Total Positive Distance - Mean: 72.4217, Min: 0.0000, Max: 504.9420
2025-03-11 12:05:20,391 - INFO - Epoch 10: Total Negative Distance - Mean: 331.3039, Min: 0.0000, Max: 886.7433
2025-03-11 12:05:20,492 - INFO - Epoch 10: Val Loss: 0.5981
2025-03-11 12:05:20,494 - INFO - Epoch 10: Accuracy: 0.9580, F1 Score: 0.9597, Precision: 0.9227, Recall: 0.9999

2025-03-11 12:07:46,033 - INFO - Evaluating Model: ./model/SiameseGNN_onlyBinbert/TripletGNN_epoch_9.pth
2025-03-11 12:07:50,104 - INFO - Epoch 9: Total Positive Distance - Mean: 71.7175, Min: 0.0000, Max: 421.3037
2025-03-11 12:07:50,105 - INFO - Epoch 9: Total Negative Distance - Mean: 346.7643, Min: 0.0000, Max: 956.1876
2025-03-11 12:07:50,156 - INFO - Epoch 9: Val Loss: 0.5298
2025-03-11 12:07:50,157 - INFO - Epoch 9: Accuracy: 0.9464, F1 Score: 0.9491, Precision: 0.9032, Recall: 1.0000

2025-03-23 10:45:48,243 - INFO - Evaluating Model: ./model/SiameseGCN/TripletGNN_epoch_7.pth
2025-03-23 10:45:54,112 - INFO - Epoch 7: Total Positive Distance - Mean: 80.6749, Min: 3.4848, Max: 1468.2478
2025-03-23 10:45:54,113 - INFO - Epoch 7: Total Negative Distance - Mean: 346.9868, Min: 0.0000, Max: 1265.6077
2025-03-23 10:45:54,175 - INFO - Epoch 7: Total Samples: 16000
2025-03-23 10:45:54,176 - INFO - Epoch 7: Val Loss: 0.8251
2025-03-23 10:45:54,177 - INFO - Epoch 7: Accuracy: 0.9990, F1 Score: 0.9990, Precision: 0.9980, Recall: 0.9999
2025-03-23 10:45:54,178 - INFO - Epoch 7: Distance-Based Accuracy: 0.9886
2025-03-23 10:45:54,208 - INFO - Evaluating Model: ./model/SiameseGCN/TripletGNN_epoch_8.pth
2025-03-23 10:45:59,657 - INFO - Epoch 8: Total Positive Distance - Mean: 63.7458, Min: 3.1081, Max: 910.9141
2025-03-23 10:45:59,658 - INFO - Epoch 8: Total Negative Distance - Mean: 299.0861, Min: 0.0000, Max: 1159.2806
2025-03-23 10:45:59,731 - INFO - Epoch 8: Total Samples: 16000
2025-03-23 10:45:59,732 - INFO - Epoch 8: Val Loss: 0.6594
2025-03-23 10:45:59,733 - INFO - Epoch 8: Accuracy: 0.9999, F1 Score: 0.9999, Precision: 0.9999, Recall: 0.9999
2025-03-23 10:45:59,734 - INFO - Epoch 8: Distance-Based Accuracy: 0.9889
2025-03-23 10:45:59,771 - INFO - Evaluating Model: ./model/SiameseGCN/TripletGNN_epoch_9.pth
2025-03-23 10:46:05,363 - INFO - Epoch 9: Total Positive Distance - Mean: 85.2413, Min: 3.7272, Max: 815.5266
2025-03-23 10:46:05,366 - INFO - Epoch 9: Total Negative Distance - Mean: 390.8783, Min: 0.0000, Max: 899.1214
2025-03-23 10:46:05,439 - INFO - Epoch 9: Total Samples: 16000
2025-03-23 10:46:05,440 - INFO - Epoch 9: Val Loss: 0.8646
2025-03-23 10:46:05,441 - INFO - Epoch 9: Accuracy: 0.9973, F1 Score: 0.9974, Precision: 0.9948, Recall: 0.9999
2025-03-23 10:46:05,443 - INFO - Epoch 9: Distance-Based Accuracy: 0.9881

2025-03-23 10:59:10,529 - INFO - Evaluating Model: ./model/SiameseGCN/TripletGNN_epoch_7.pth
2025-03-23 10:59:16,839 - INFO - Epoch 7: Total Positive Distance - Mean: 80.6749, Min: 3.4848, Max: 1468.2478
2025-03-23 10:59:16,840 - INFO - Epoch 7: Total Negative Distance - Mean: 346.9868, Min: 0.0000, Max: 1265.6077
2025-03-23 10:59:16,910 - INFO - Epoch 7: Total Samples: 16000
2025-03-23 10:59:16,911 - INFO - Epoch 7: Val Loss: 0.8251
2025-03-23 10:59:16,912 - INFO - Epoch 7: Accuracy: 0.9583, F1 Score: 0.9600, Precision: 0.9233, Recall: 0.9996
2025-03-23 10:59:16,913 - INFO - Epoch 7: Distance-Based Accuracy: 0.9886
2025-03-23 10:59:16,941 - INFO - Evaluating Model: ./model/SiameseGCN/TripletGNN_epoch_8.pth
2025-03-23 10:59:22,862 - INFO - Epoch 8: Total Positive Distance - Mean: 63.7458, Min: 3.1081, Max: 910.9141
2025-03-23 10:59:22,865 - INFO - Epoch 8: Total Negative Distance - Mean: 299.0861, Min: 0.0000, Max: 1159.2806
2025-03-23 10:59:22,931 - INFO - Epoch 8: Total Samples: 16000
2025-03-23 10:59:22,932 - INFO - Epoch 8: Val Loss: 0.6594
2025-03-23 10:59:22,933 - INFO - Epoch 8: Accuracy: 0.9875, F1 Score: 0.9877, Precision: 0.9757, Recall: 0.9999
2025-03-23 10:59:22,935 - INFO - Epoch 8: Distance-Based Accuracy: 0.9889
2025-03-23 10:59:22,972 - INFO - Evaluating Model: ./model/SiameseGCN/TripletGNN_epoch_9.pth
2025-03-23 10:59:28,878 - INFO - Epoch 9: Total Positive Distance - Mean: 85.2413, Min: 3.7272, Max: 815.5266
2025-03-23 10:59:28,879 - INFO - Epoch 9: Total Negative Distance - Mean: 390.8783, Min: 0.0000, Max: 899.1214
2025-03-23 10:59:28,950 - INFO - Epoch 9: Total Samples: 16000
2025-03-23 10:59:28,951 - INFO - Epoch 9: Val Loss: 0.8646
2025-03-23 10:59:28,952 - INFO - Epoch 9: Accuracy: 0.8774, F1 Score: 0.8908, Precision: 0.8033, Recall: 0.9998
2025-03-23 10:59:28,953 - INFO - Epoch 9: Distance-Based Accuracy: 0.9881
2025-03-23 11:00:23,897 - INFO - Evaluating Model: ./model/SiameseGIN/TripletGNN_epoch_7.pth
2025-03-23 11:00:28,219 - INFO - Epoch 7: Total Positive Distance - Mean: 42.3337, Min: 0.7491, Max: 473.4983
2025-03-23 11:00:28,221 - INFO - Epoch 7: Total Negative Distance - Mean: 297.5277, Min: 0.0000, Max: 1098.9387
2025-03-23 11:00:28,292 - INFO - Epoch 7: Total Samples: 16000
2025-03-23 11:00:28,293 - INFO - Epoch 7: Val Loss: 0.6938
2025-03-23 11:00:28,294 - INFO - Epoch 7: Accuracy: 0.9688, F1 Score: 0.9698, Precision: 0.9413, Recall: 1.0000
2025-03-23 11:00:28,295 - INFO - Epoch 7: Distance-Based Accuracy: 0.9884
2025-03-23 11:00:28,447 - INFO - Evaluating Model: ./model/SiameseGIN/TripletGNN_epoch_8.pth
2025-03-23 11:00:31,881 - INFO - Epoch 8: Total Positive Distance - Mean: 40.6605, Min: 0.9598, Max: 354.1037
2025-03-23 11:00:31,884 - INFO - Epoch 8: Total Negative Distance - Mean: 277.4083, Min: 0.0000, Max: 1613.7271
2025-03-23 11:00:31,955 - INFO - Epoch 8: Total Samples: 16000
2025-03-23 11:00:31,956 - INFO - Epoch 8: Val Loss: 0.5879
2025-03-23 11:00:31,957 - INFO - Epoch 8: Accuracy: 0.9898, F1 Score: 0.9899, Precision: 0.9801, Recall: 1.0000
2025-03-23 11:00:31,958 - INFO - Epoch 8: Distance-Based Accuracy: 0.9886
2025-03-23 11:00:32,070 - INFO - Evaluating Model: ./model/SiameseGIN/TripletGNN_epoch_9.pth
2025-03-23 11:00:35,480 - INFO - Epoch 9: Total Positive Distance - Mean: 36.7113, Min: 0.5797, Max: 259.1440
2025-03-23 11:00:35,482 - INFO - Epoch 9: Total Negative Distance - Mean: 215.7521, Min: 0.0000, Max: 687.3640
2025-03-23 11:00:35,550 - INFO - Epoch 9: Total Samples: 16000
2025-03-23 11:00:35,551 - INFO - Epoch 9: Val Loss: 0.5354
2025-03-23 11:00:35,553 - INFO - Epoch 9: Accuracy: 0.9995, F1 Score: 0.9995, Precision: 0.9990, Recall: 1.0000
2025-03-23 11:00:35,554 - INFO - Epoch 9: Distance-Based Accuracy: 0.9895

2025-03-23 11:14:20,265 - INFO - Epoch 9: Val Loss: 0.5354
2025-03-23 11:14:20,266 - INFO - Epoch 9: AUC = 0.9872
2025-03-23 11:16:36,359 - INFO - Epoch 9: Val Loss: 0.8646
2025-03-23 11:16:36,361 - INFO - Epoch 9: AUC = 0.9802
