
2025-01-15 16:14:15,978 - INFO - Checkpoint of 1 and batch 1000 saved at /root/autodl-fs/BinBert/models/latest_checkpoint.pth
2025-01-15 16:14:15,979 - INFO - Epoch 1/2 and batch 1000 - Train Loss: 0.0037
2025-01-15 16:57:24,970 - INFO - Checkpoint of 1 and batch 2000 saved at /root/autodl-fs/BinBert/models/latest_checkpoint.pth
2025-01-15 16:57:24,971 - INFO - Epoch 1/2 and batch 2000 - Train Loss: 0.0054
2025-01-15 17:40:03,430 - INFO - Checkpoint of 1 and batch 3000 saved at /root/autodl-fs/BinBert/models/latest_checkpoint.pth
2025-01-15 17:40:03,430 - INFO - Epoch 1/2 and batch 3000 - Train Loss: 0.0067
2025-01-15 18:22:24,932 - INFO - Checkpoint of 1 and batch 4000 saved at /root/autodl-fs/BinBert/models/latest_checkpoint.pth
2025-01-15 18:22:24,933 - INFO - Epoch 1/2 and batch 4000 - Train Loss: 0.0078
2025-01-15 19:05:01,344 - INFO - Checkpoint of 1 and batch 5000 saved at /root/autodl-fs/BinBert/models/latest_checkpoint.pth
2025-01-15 19:05:01,345 - INFO - Epoch 1/2 and batch 5000 - Train Loss: 0.0087
2025-01-15 19:46:12,268 - INFO - Checkpoint of 1 and batch 6000 saved at /root/autodl-fs/BinBert/models/latest_checkpoint.pth
2025-01-15 19:46:12,268 - INFO - Epoch 1/2 and batch 6000 - Train Loss: 0.0095
2025-01-15 20:26:26,370 - INFO - Checkpoint of 1 and batch 7000 saved at /root/autodl-fs/BinBert/models/latest_checkpoint.pth
2025-01-15 20:26:26,371 - INFO - Epoch 1/2 and batch 7000 - Train Loss: 0.0103
2025-01-15 20:57:48,677 - INFO - Checkpoint of 1 and batch 8000 saved at /root/autodl-fs/BinBert/models/latest_checkpoint.pth
2025-01-15 20:57:48,677 - INFO - Epoch 1/2 and batch 8000 - Train Loss: 0.0110
2025-01-15 21:40:09,913 - INFO - Checkpoint of 1 and batch 9000 saved at /root/autodl-fs/BinBert/models/latest_checkpoint.pth
2025-01-15 21:40:09,914 - INFO - Epoch 1/2 and batch 9000 - Train Loss: 0.0117
2025-01-15 22:18:59,079 - INFO - Checkpoint of 1 and batch 10000 saved at /root/autodl-fs/BinBert/models/latest_checkpoint.pth
2025-01-15 22:18:59,080 - INFO - Epoch 1/2 and batch 10000 - Train Loss: 0.0123
2025-01-15 22:56:27,572 - INFO - Checkpoint of 1 and batch 11000 saved at /root/autodl-fs/BinBert/models/latest_checkpoint.pth
2025-01-15 22:56:27,572 - INFO - Epoch 1/2 and batch 11000 - Train Loss: 0.0129
2025-01-15 23:38:54,678 - INFO - Checkpoint of 1 and batch 12000 saved at /root/autodl-fs/BinBert/models/latest_checkpoint.pth
2025-01-15 23:38:54,678 - INFO - Epoch 1/2 and batch 12000 - Train Loss: 0.0135
2025-01-16 00:21:55,978 - INFO - Checkpoint of 1 and batch 13000 saved at /root/autodl-fs/BinBert/models/latest_checkpoint.pth
2025-01-16 00:21:55,978 - INFO - Epoch 1/2 and batch 13000 - Train Loss: 0.0141
2025-01-16 01:04:25,779 - INFO - Checkpoint of 1 and batch 14000 saved at /root/autodl-fs/BinBert/models/latest_checkpoint.pth
2025-01-16 01:04:25,779 - INFO - Epoch 1/2 and batch 14000 - Train Loss: 0.0147
2025-01-16 01:46:55,118 - INFO - Checkpoint of 1 and batch 15000 saved at /root/autodl-fs/BinBert/models/latest_checkpoint.pth
2025-01-16 01:46:55,119 - INFO - Epoch 1/2 and batch 15000 - Train Loss: 0.0151
2025-01-16 02:19:27,988 - INFO - Checkpoint of 1 and batch 16000 saved at /root/autodl-fs/BinBert/models/latest_checkpoint.pth
2025-01-16 02:19:27,989 - INFO - Epoch 1/2 and batch 16000 - Train Loss: 0.0156
2025-01-16 03:01:45,508 - INFO - Checkpoint of 1 and batch 17000 saved at /root/autodl-fs/BinBert/models/latest_checkpoint.pth
2025-01-16 03:01:45,509 - INFO - Epoch 1/2 and batch 17000 - Train Loss: 0.0161
2025-01-16 03:38:40,599 - INFO - Checkpoint of 1 and batch 18000 saved at /root/autodl-fs/BinBert/models/latest_checkpoint.pth
2025-01-16 03:38:40,599 - INFO - Epoch 1/2 and batch 18000 - Train Loss: 0.0167
2025-01-16 04:21:08,823 - INFO - Checkpoint of 1 and batch 19000 saved at /root/autodl-fs/BinBert/models/latest_checkpoint.pth
2025-01-16 04:21:08,824 - INFO - Epoch 1/2 and batch 19000 - Train Loss: 0.0172
2025-01-16 05:02:30,760 - INFO - Checkpoint of 1 and batch 20000 saved at /root/autodl-fs/BinBert/models/latest_checkpoint.pth
2025-01-16 05:02:30,760 - INFO - Epoch 1/2 and batch 20000 - Train Loss: 0.0176
2025-01-16 05:38:36,680 - INFO - Checkpoint of 1 and batch 21000 saved at /root/autodl-fs/BinBert/models/latest_checkpoint.pth
2025-01-16 05:38:36,681 - INFO - Epoch 1/2 and batch 21000 - Train Loss: 0.0180
2025-01-16 06:21:44,595 - INFO - Checkpoint of 1 and batch 22000 saved at /root/autodl-fs/BinBert/models/latest_checkpoint.pth
2025-01-16 06:21:44,596 - INFO - Epoch 1/2 and batch 22000 - Train Loss: 0.0185
2025-01-16 07:03:15,745 - INFO - Checkpoint of 1 and batch 23000 saved at /root/autodl-fs/BinBert/models/latest_checkpoint.pth
2025-01-16 07:03:15,745 - INFO - Epoch 1/2 and batch 23000 - Train Loss: 0.0189
2025-01-16 07:46:19,619 - INFO - Checkpoint of 1 and batch 24000 saved at /root/autodl-fs/BinBert/models/latest_checkpoint.pth
2025-01-16 07:46:19,619 - INFO - Epoch 1/2 and batch 24000 - Train Loss: 0.0194
2025-01-16 08:29:16,623 - INFO - Checkpoint of 1 and batch 25000 saved at /root/autodl-fs/BinBert/models/latest_checkpoint.pth
2025-01-16 08:29:16,624 - INFO - Epoch 1/2 and batch 25000 - Train Loss: 0.0198
2025-01-16 09:01:21,982 - INFO - Checkpoint of 1 and batch 26000 saved at /root/autodl-fs/BinBert/models/latest_checkpoint.pth
2025-01-16 09:01:21,982 - INFO - Epoch 1/2 and batch 26000 - Train Loss: 0.0202
2025-01-16 09:42:38,627 - INFO - Checkpoint of 1 and batch 27000 saved at /root/autodl-fs/BinBert/models/latest_checkpoint.pth
2025-01-16 09:42:38,627 - INFO - Epoch 1/2 and batch 27000 - Train Loss: 0.0206
2025-01-16 10:25:34,943 - INFO - Checkpoint of 1 and batch 28000 saved at /root/autodl-fs/BinBert/models/latest_checkpoint.pth
2025-01-16 10:25:34,943 - INFO - Epoch 1/2 and batch 28000 - Train Loss: 0.0210
2025-01-16 11:08:19,518 - INFO - Checkpoint of 1 and batch 29000 saved at /root/autodl-fs/BinBert/models/latest_checkpoint.pth
2025-01-16 11:08:19,519 - INFO - Epoch 1/2 and batch 29000 - Train Loss: 0.0215
2025-01-16 11:51:14,951 - INFO - Checkpoint of 1 and batch 30000 saved at /root/autodl-fs/BinBert/models/latest_checkpoint.pth
2025-01-16 11:51:14,952 - INFO - Epoch 1/2 and batch 30000 - Train Loss: 0.0220
2025-01-16 12:25:12,788 - INFO - Checkpoint of 1 and batch 31000 saved at /root/autodl-fs/BinBert/models/latest_checkpoint.pth
2025-01-16 12:25:12,788 - INFO - Epoch 1/2 and batch 31000 - Train Loss: 0.0223
2025-01-16 13:08:00,546 - INFO - Checkpoint of 1 and batch 32000 saved at /root/autodl-fs/BinBert/models/latest_checkpoint.pth
2025-01-16 13:08:00,546 - INFO - Epoch 1/2 and batch 32000 - Train Loss: 0.0227
2025-01-16 13:48:47,902 - INFO - Checkpoint of 1 and batch 33000 saved at /root/autodl-fs/BinBert/models/latest_checkpoint.pth
2025-01-16 13:48:47,902 - INFO - Epoch 1/2 and batch 33000 - Train Loss: 0.0231
2025-01-16 14:30:21,979 - INFO - Checkpoint of 1 and batch 34000 saved at /root/autodl-fs/BinBert/models/latest_checkpoint.pth
2025-01-16 14:30:21,979 - INFO - Epoch 1/2 and batch 34000 - Train Loss: 0.0236
2025-01-16 15:13:23,695 - INFO - Checkpoint of 1 and batch 35000 saved at /root/autodl-fs/BinBert/models/latest_checkpoint.pth
2025-01-16 15:13:23,696 - INFO - Epoch 1/2 and batch 35000 - Train Loss: 0.0240
2025-01-16 15:55:35,530 - INFO - Checkpoint of 1 and batch 36000 saved at /root/autodl-fs/BinBert/models/latest_checkpoint.pth
2025-01-16 15:55:35,531 - INFO - Epoch 1/2 and batch 36000 - Train Loss: 0.0244
2025-01-16 16:22:39,025 - INFO - Checkpoint of 1 and batch 37000 saved at /root/autodl-fs/BinBert/models/latest_checkpoint.pth
2025-01-16 16:22:39,025 - INFO - Epoch 1/2 and batch 37000 - Train Loss: 0.0248
2025-01-16 16:41:28,461 - INFO - Epoch 1/2 - Train Loss: 0.0249
2025-01-16 22:41:59,708 - INFO - Epoch 1/2 - Test Loss: 0.0163
2025-01-16 22:42:04,175 - INFO - Model saved at /root/autodl-fs/BinBert/models/triplet_model_epoch_1.pth
2025-01-16 23:20:24,500 - INFO - Checkpoint of 2 and batch 1000 saved at /root/autodl-fs/BinBert/models/latest_checkpoint.pth
2025-01-16 23:20:24,501 - INFO - Epoch 2/2 and batch 1000 - Train Loss: 0.0004
2025-01-17 00:02:37,931 - INFO - Checkpoint of 2 and batch 2000 saved at /root/autodl-fs/BinBert/models/latest_checkpoint.pth
2025-01-17 00:02:37,932 - INFO - Epoch 2/2 and batch 2000 - Train Loss: 0.0008
2025-01-17 00:36:25,184 - INFO - Checkpoint of 2 and batch 3000 saved at /root/autodl-fs/BinBert/models/latest_checkpoint.pth
2025-01-17 00:36:25,185 - INFO - Epoch 2/2 and batch 3000 - Train Loss: 0.0011
2025-01-17 01:19:21,836 - INFO - Checkpoint of 2 and batch 4000 saved at /root/autodl-fs/BinBert/models/latest_checkpoint.pth
2025-01-17 01:19:21,837 - INFO - Epoch 2/2 and batch 4000 - Train Loss: 0.0015
2025-01-17 02:01:06,293 - INFO - Checkpoint of 2 and batch 5000 saved at /root/autodl-fs/BinBert/models/latest_checkpoint.pth
2025-01-17 02:01:06,294 - INFO - Epoch 2/2 and batch 5000 - Train Loss: 0.0019
2025-01-17 02:43:57,726 - INFO - Checkpoint of 2 and batch 6000 saved at /root/autodl-fs/BinBert/models/latest_checkpoint.pth
2025-01-17 02:43:57,726 - INFO - Epoch 2/2 and batch 6000 - Train Loss: 0.0022
2025-01-17 03:26:59,784 - INFO - Checkpoint of 2 and batch 7000 saved at /root/autodl-fs/BinBert/models/latest_checkpoint.pth
2025-01-17 03:26:59,784 - INFO - Epoch 2/2 and batch 7000 - Train Loss: 0.0026
2025-01-17 04:08:16,506 - INFO - Checkpoint of 2 and batch 8000 saved at /root/autodl-fs/BinBert/models/latest_checkpoint.pth
2025-01-17 04:08:16,507 - INFO - Epoch 2/2 and batch 8000 - Train Loss: 0.0029
2025-01-17 04:47:19,527 - INFO - Checkpoint of 2 and batch 9000 saved at /root/autodl-fs/BinBert/models/latest_checkpoint.pth
2025-01-17 04:47:19,528 - INFO - Epoch 2/2 and batch 9000 - Train Loss: 0.0033
2025-01-17 05:29:38,583 - INFO - Checkpoint of 2 and batch 10000 saved at /root/autodl-fs/BinBert/models/latest_checkpoint.pth
2025-01-17 05:29:38,584 - INFO - Epoch 2/2 and batch 10000 - Train Loss: 0.0037
2025-01-17 05:54:00,813 - INFO - Checkpoint of 2 and batch 11000 saved at /root/autodl-fs/BinBert/models/latest_checkpoint.pth
2025-01-17 05:54:00,813 - INFO - Epoch 2/2 and batch 11000 - Train Loss: 0.0040
2025-01-17 06:32:25,273 - INFO - Checkpoint of 2 and batch 12000 saved at /root/autodl-fs/BinBert/models/latest_checkpoint.pth
2025-01-17 06:32:25,274 - INFO - Epoch 2/2 and batch 12000 - Train Loss: 0.0043
2025-01-17 07:15:30,197 - INFO - Checkpoint of 2 and batch 13000 saved at /root/autodl-fs/BinBert/models/latest_checkpoint.pth
2025-01-17 07:15:30,198 - INFO - Epoch 2/2 and batch 13000 - Train Loss: 0.0046
2025-01-17 07:58:26,098 - INFO - Checkpoint of 2 and batch 14000 saved at /root/autodl-fs/BinBert/models/latest_checkpoint.pth
2025-01-17 07:58:26,098 - INFO - Epoch 2/2 and batch 14000 - Train Loss: 0.0050
2025-01-17 08:33:32,089 - INFO - Checkpoint of 2 and batch 15000 saved at /root/autodl-fs/BinBert/models/latest_checkpoint.pth
2025-01-17 08:33:32,089 - INFO - Epoch 2/2 and batch 15000 - Train Loss: 0.0053
2025-01-17 09:00:30,768 - INFO - Checkpoint of 2 and batch 16000 saved at /root/autodl-fs/BinBert/models/latest_checkpoint.pth
2025-01-17 09:00:30,769 - INFO - Epoch 2/2 and batch 16000 - Train Loss: 0.0056
2025-01-17 09:43:01,833 - INFO - Checkpoint of 2 and batch 17000 saved at /root/autodl-fs/BinBert/models/latest_checkpoint.pth
2025-01-17 09:43:01,834 - INFO - Epoch 2/2 and batch 17000 - Train Loss: 0.0059
2025-01-17 10:26:20,208 - INFO - Checkpoint of 2 and batch 18000 saved at /root/autodl-fs/BinBert/models/latest_checkpoint.pth
2025-01-17 10:26:20,208 - INFO - Epoch 2/2 and batch 18000 - Train Loss: 0.0063
2025-01-17 11:09:12,559 - INFO - Checkpoint of 2 and batch 19000 saved at /root/autodl-fs/BinBert/models/latest_checkpoint.pth
2025-01-17 11:09:12,560 - INFO - Epoch 2/2 and batch 19000 - Train Loss: 0.0066
2025-01-17 11:51:15,946 - INFO - Checkpoint of 2 and batch 20000 saved at /root/autodl-fs/BinBert/models/latest_checkpoint.pth
2025-01-17 11:51:15,946 - INFO - Epoch 2/2 and batch 20000 - Train Loss: 0.0069
2025-01-17 12:28:47,838 - INFO - Checkpoint of 2 and batch 21000 saved at /root/autodl-fs/BinBert/models/latest_checkpoint.pth
2025-01-17 12:28:47,839 - INFO - Epoch 2/2 and batch 21000 - Train Loss: 0.0073
2025-01-17 13:10:11,112 - INFO - Checkpoint of 2 and batch 22000 saved at /root/autodl-fs/BinBert/models/latest_checkpoint.pth
2025-01-17 13:10:11,113 - INFO - Epoch 2/2 and batch 22000 - Train Loss: 0.0076
2025-01-17 13:53:12,338 - INFO - Checkpoint of 2 and batch 23000 saved at /root/autodl-fs/BinBert/models/latest_checkpoint.pth
2025-01-17 13:53:12,338 - INFO - Epoch 2/2 and batch 23000 - Train Loss: 0.0079
2025-01-17 14:35:09,112 - INFO - Checkpoint of 2 and batch 24000 saved at /root/autodl-fs/BinBert/models/latest_checkpoint.pth
2025-01-17 14:35:09,113 - INFO - Epoch 2/2 and batch 24000 - Train Loss: 0.0083
2025-01-17 15:16:11,610 - INFO - Checkpoint of 2 and batch 25000 saved at /root/autodl-fs/BinBert/models/latest_checkpoint.pth
2025-01-17 15:16:11,611 - INFO - Epoch 2/2 and batch 25000 - Train Loss: 0.0086
2025-01-17 15:55:11,546 - INFO - Checkpoint of 2 and batch 26000 saved at /root/autodl-fs/BinBert/models/latest_checkpoint.pth
2025-01-17 15:55:11,546 - INFO - Epoch 2/2 and batch 26000 - Train Loss: 0.0089
2025-01-17 16:34:35,530 - INFO - Checkpoint of 2 and batch 27000 saved at /root/autodl-fs/BinBert/models/latest_checkpoint.pth
2025-01-17 16:34:35,531 - INFO - Epoch 2/2 and batch 27000 - Train Loss: 0.0092
2025-01-17 17:16:43,555 - INFO - Checkpoint of 2 and batch 28000 saved at /root/autodl-fs/BinBert/models/latest_checkpoint.pth
2025-01-17 17:16:43,555 - INFO - Epoch 2/2 and batch 28000 - Train Loss: 0.0095
2025-01-17 17:59:48,850 - INFO - Checkpoint of 2 and batch 29000 saved at /root/autodl-fs/BinBert/models/latest_checkpoint.pth
2025-01-17 17:59:48,850 - INFO - Epoch 2/2 and batch 29000 - Train Loss: 0.0098
2025-01-17 18:41:41,210 - INFO - Checkpoint of 2 and batch 30000 saved at /root/autodl-fs/BinBert/models/latest_checkpoint.pth
2025-01-17 18:41:41,211 - INFO - Epoch 2/2 and batch 30000 - Train Loss: 0.0102
2025-01-17 19:24:40,526 - INFO - Checkpoint of 2 and batch 31000 saved at /root/autodl-fs/BinBert/models/latest_checkpoint.pth
2025-01-17 19:24:40,526 - INFO - Epoch 2/2 and batch 31000 - Train Loss: 0.0105
2025-01-17 19:51:07,220 - INFO - Checkpoint of 2 and batch 32000 saved at /root/autodl-fs/BinBert/models/latest_checkpoint.pth
2025-01-17 19:51:07,221 - INFO - Epoch 2/2 and batch 32000 - Train Loss: 0.0108
2025-01-17 20:34:15,733 - INFO - Checkpoint of 2 and batch 33000 saved at /root/autodl-fs/BinBert/models/latest_checkpoint.pth
2025-01-17 20:34:15,734 - INFO - Epoch 2/2 and batch 33000 - Train Loss: 0.0111
2025-01-17 21:15:01,589 - INFO - Checkpoint of 2 and batch 34000 saved at /root/autodl-fs/BinBert/models/latest_checkpoint.pth
2025-01-17 21:15:01,589 - INFO - Epoch 2/2 and batch 34000 - Train Loss: 0.0114
2025-01-17 21:50:49,018 - INFO - Checkpoint of 2 and batch 35000 saved at /root/autodl-fs/BinBert/models/latest_checkpoint.pth
2025-01-17 21:50:49,018 - INFO - Epoch 2/2 and batch 35000 - Train Loss: 0.0117
2025-01-17 22:33:01,680 - INFO - Checkpoint of 2 and batch 36000 saved at /root/autodl-fs/BinBert/models/latest_checkpoint.pth
2025-01-17 22:33:01,680 - INFO - Epoch 2/2 and batch 36000 - Train Loss: 0.0120
2025-01-17 23:14:34,070 - INFO - Checkpoint of 2 and batch 37000 saved at /root/autodl-fs/BinBert/models/latest_checkpoint.pth
2025-01-17 23:14:34,071 - INFO - Epoch 2/2 and batch 37000 - Train Loss: 0.0124
2025-01-17 23:33:24,508 - INFO - Epoch 2/2 - Train Loss: 0.0125
2025-01-18 05:59:03,476 - INFO - Epoch 2/2 - Test Loss: 0.0184
2025-01-18 05:59:07,532 - INFO - Model saved at /root/autodl-fs/BinBert/models/triplet_model_epoch_2.pth
